\BOOKMARK [0][-]{chapter.1}{\376\377\0001\000\040\000C\000l\000a\000s\000s\000\040\000I\000n\000d\000e\000x}{}% 1
\BOOKMARK [1][-]{section.1.1}{\376\377\0001\000.\0001\000\040\000C\000l\000a\000s\000s\000\040\000L\000i\000s\000t}{chapter.1}% 2
\BOOKMARK [0][-]{chapter.2}{\376\377\0002\000\040\000F\000i\000l\000e\000\040\000I\000n\000d\000e\000x}{}% 3
\BOOKMARK [1][-]{section.2.1}{\376\377\0002\000.\0001\000\040\000F\000i\000l\000e\000\040\000L\000i\000s\000t}{chapter.2}% 4
\BOOKMARK [0][-]{chapter.3}{\376\377\0003\000\040\000C\000l\000a\000s\000s\000\040\000D\000o\000c\000u\000m\000e\000n\000t\000a\000t\000i\000o\000n}{}% 5
\BOOKMARK [1][-]{section.3.1}{\376\377\0003\000.\0001\000\040\000D\000i\000c\000e\000\040\000C\000l\000a\000s\000s\000\040\000R\000e\000f\000e\000r\000e\000n\000c\000e}{chapter.3}% 6
\BOOKMARK [2][-]{subsection.3.1.1}{\376\377\0003\000.\0001\000.\0001\000\040\000M\000e\000m\000b\000e\000r\000\040\000F\000u\000n\000c\000t\000i\000o\000n\000\040\000D\000o\000c\000u\000m\000e\000n\000t\000a\000t\000i\000o\000n}{section.3.1}% 7
\BOOKMARK [3][-]{subsubsection.3.1.1.1}{\376\377\0003\000.\0001\000.\0001\000.\0001\000\040\000r\000o\000l\000l}{subsection.3.1.1}% 8
\BOOKMARK [1][-]{section.3.2}{\376\377\0003\000.\0002\000\040\000G\000a\000m\000e\000c\000l\000o\000c\000k\000\040\000C\000l\000a\000s\000s\000\040\000R\000e\000f\000e\000r\000e\000n\000c\000e}{chapter.3}% 9
\BOOKMARK [2][-]{subsection.3.2.1}{\376\377\0003\000.\0002\000.\0001\000\040\000M\000e\000m\000b\000e\000r\000\040\000F\000u\000n\000c\000t\000i\000o\000n\000\040\000D\000o\000c\000u\000m\000e\000n\000t\000a\000t\000i\000o\000n}{section.3.2}% 10
\BOOKMARK [3][-]{subsubsection.3.2.1.1}{\376\377\0003\000.\0002\000.\0001\000.\0001\000\040\000c\000u\000r\000r\000t\000i\000m\000e}{subsection.3.2.1}% 11
\BOOKMARK [3][-]{subsubsection.3.2.1.2}{\376\377\0003\000.\0002\000.\0001\000.\0002\000\040\000d\000o\000w\000n\000t\000i\000c\000k}{subsection.3.2.1}% 12
\BOOKMARK [3][-]{subsubsection.3.2.1.3}{\376\377\0003\000.\0002\000.\0001\000.\0003\000\040\000i\000n\000i\000t\000i\000a\000l\000i\000z\000e}{subsection.3.2.1}% 13
\BOOKMARK [1][-]{section.3.3}{\376\377\0003\000.\0003\000\040\000S\000u\000s\000p\000e\000c\000t\000\137\000s\000\040\000S\000t\000r\000u\000c\000t\000\040\000R\000e\000f\000e\000r\000e\000n\000c\000e}{chapter.3}% 14
\BOOKMARK [2][-]{subsection.3.3.1}{\376\377\0003\000.\0003\000.\0001\000\040\000M\000e\000m\000b\000e\000r\000\040\000D\000a\000t\000a\000\040\000D\000o\000c\000u\000m\000e\000n\000t\000a\000t\000i\000o\000n}{section.3.3}% 15
\BOOKMARK [3][-]{subsubsection.3.3.1.1}{\376\377\0003\000.\0003\000.\0001\000.\0001\000\040\000c\000o\000m\000p\000l\000y}{subsection.3.3.1}% 16
\BOOKMARK [3][-]{subsubsection.3.3.1.2}{\376\377\0003\000.\0003\000.\0001\000.\0002\000\040\000d\000e\000c\000e\000p\000t\000i\000o\000n}{subsection.3.3.1}% 17
\BOOKMARK [3][-]{subsubsection.3.3.1.3}{\376\377\0003\000.\0003\000.\0001\000.\0003\000\040\000d\000i\000s\000t\000o\000r\000t}{subsection.3.3.1}% 18
\BOOKMARK [3][-]{subsubsection.3.3.1.4}{\376\377\0003\000.\0003\000.\0001\000.\0004\000\040\000d\000i\000s\000t\000r\000a\000c\000t}{subsection.3.3.1}% 19
\BOOKMARK [3][-]{subsubsection.3.3.1.5}{\376\377\0003\000.\0003\000.\0001\000.\0005\000\040\000e\000x\000h\000a\000u\000s\000t\000i\000o\000n}{subsection.3.3.1}% 20
\BOOKMARK [3][-]{subsubsection.3.3.1.6}{\376\377\0003\000.\0003\000.\0001\000.\0006\000\040\000h\000a\000t\000r\000e\000d}{subsection.3.3.1}% 21
\BOOKMARK [3][-]{subsubsection.3.3.1.7}{\376\377\0003\000.\0003\000.\0001\000.\0007\000\040\000h\000o\000n\000e\000s\000t}{subsection.3.3.1}% 22
\BOOKMARK [3][-]{subsubsection.3.3.1.8}{\376\377\0003\000.\0003\000.\0001\000.\0008\000\040\000m\000i\000n\000i\000m\000i\000z\000e}{subsection.3.3.1}% 23
\BOOKMARK [3][-]{subsubsection.3.3.1.9}{\376\377\0003\000.\0003\000.\0001\000.\0009\000\040\000p\000a\000i\000n}{subsection.3.3.1}% 24
\BOOKMARK [3][-]{subsubsection.3.3.1.10}{\376\377\0003\000.\0003\000.\0001\000.\0001\0000\000\040\000s\000i\000l\000e\000n\000c\000e}{subsection.3.3.1}% 25
\BOOKMARK [0][-]{chapter.4}{\376\377\0004\000\040\000F\000i\000l\000e\000\040\000D\000o\000c\000u\000m\000e\000n\000t\000a\000t\000i\000o\000n}{}% 26
\BOOKMARK [1][-]{section.4.1}{\376\377\0004\000.\0001\000\040\000C\000:\000/\000U\000s\000e\000r\000s\000/\000B\000r\000a\000d\000l\000e\000y\000\040\000E\000v\000a\000n\000s\000/\000D\000e\000s\000k\000t\000o\000p\000/\000R\000C\000C\000/\0001\0004\000F\000A\000L\000/\000C\000S\000C\0001\0007\000A\000/\000G\000i\000t\000H\000u\000b\000/\000E\000v\000a\000n\000s\000B\000r\000a\000d\000l\000e\000y\000\137\000C\000I\000S\0001\0007\000a\000\137\0004\0008\0001\0003\0000\000/\000P\000r\000o\000j\000e\000c\000t\000\040\0001\000/\000.\000d\000e\000p\000.\000i\000n\000c\000\040\000F\000i\000l\000e\000\040\000R\000e\000f\000e\000r\000e\000n\000c\000e}{chapter.4}% 27
\BOOKMARK [1][-]{section.4.2}{\376\377\0004\000.\0002\000\040\000C\000:\000/\000U\000s\000e\000r\000s\000/\000B\000r\000a\000d\000l\000e\000y\000\040\000E\000v\000a\000n\000s\000/\000D\000e\000s\000k\000t\000o\000p\000/\000R\000C\000C\000/\0001\0004\000F\000A\000L\000/\000C\000S\000C\0001\0007\000A\000/\000G\000i\000t\000H\000u\000b\000/\000E\000v\000a\000n\000s\000B\000r\000a\000d\000l\000e\000y\000\137\000C\000I\000S\0001\0007\000a\000\137\0004\0008\0001\0003\0000\000/\000P\000r\000o\000j\000e\000c\000t\000\040\0001\000/\000c\000l\000a\000s\000s\000e\000s\000.\000h\000\040\000F\000i\000l\000e\000\040\000R\000e\000f\000e\000r\000e\000n\000c\000e}{chapter.4}% 28
\BOOKMARK [2][-]{subsection.4.2.1}{\376\377\0004\000.\0002\000.\0001\000\040\000V\000a\000r\000i\000a\000b\000l\000e\000\040\000D\000o\000c\000u\000m\000e\000n\000t\000a\000t\000i\000o\000n}{section.4.2}% 29
\BOOKMARK [3][-]{subsubsection.4.2.1.1}{\376\377\0004\000.\0002\000.\0001\000.\0001\000\040\000s\000u\000s\000p\000e\000c\000t}{subsection.4.2.1}% 30
\BOOKMARK [1][-]{section.4.3}{\376\377\0004\000.\0003\000\040\000C\000:\000/\000U\000s\000e\000r\000s\000/\000B\000r\000a\000d\000l\000e\000y\000\040\000E\000v\000a\000n\000s\000/\000D\000e\000s\000k\000t\000o\000p\000/\000R\000C\000C\000/\0001\0004\000F\000A\000L\000/\000C\000S\000C\0001\0007\000A\000/\000G\000i\000t\000H\000u\000b\000/\000E\000v\000a\000n\000s\000B\000r\000a\000d\000l\000e\000y\000\137\000C\000I\000S\0001\0007\000a\000\137\0004\0008\0001\0003\0000\000/\000P\000r\000o\000j\000e\000c\000t\000\040\0001\000/\000c\000m\000d\000t\000r\000e\000e\000.\000h\000\040\000F\000i\000l\000e\000\040\000R\000e\000f\000e\000r\000e\000n\000c\000e}{chapter.4}% 31
\BOOKMARK [2][-]{subsection.4.3.1}{\376\377\0004\000.\0003\000.\0001\000\040\000F\000u\000n\000c\000t\000i\000o\000n\000\040\000D\000o\000c\000u\000m\000e\000n\000t\000a\000t\000i\000o\000n}{section.4.3}% 32
\BOOKMARK [3][-]{subsubsection.4.3.1.1}{\376\377\0004\000.\0003\000.\0001\000.\0001\000\040\000c\000m\000d\000\137\000a\000s\000k\000\137\000n\000a\000m\000e}{subsection.4.3.1}% 33
\BOOKMARK [3][-]{subsubsection.4.3.1.2}{\376\377\0004\000.\0003\000.\0001\000.\0002\000\040\000c\000m\000d\000\137\000l\000o\000o\000k\000\137\000s\000u\000s\000p\000e\000c\000t}{subsection.4.3.1}% 34
\BOOKMARK [3][-]{subsubsection.4.3.1.3}{\376\377\0004\000.\0003\000.\0001\000.\0003\000\040\000p\000r\000i\000n\000t\000L\000i\000n\000e}{subsection.4.3.1}% 35
\BOOKMARK [1][-]{section.4.4}{\376\377\0004\000.\0004\000\040\000C\000:\000/\000U\000s\000e\000r\000s\000/\000B\000r\000a\000d\000l\000e\000y\000\040\000E\000v\000a\000n\000s\000/\000D\000e\000s\000k\000t\000o\000p\000/\000R\000C\000C\000/\0001\0004\000F\000A\000L\000/\000C\000S\000C\0001\0007\000A\000/\000G\000i\000t\000H\000u\000b\000/\000E\000v\000a\000n\000s\000B\000r\000a\000d\000l\000e\000y\000\137\000C\000I\000S\0001\0007\000a\000\137\0004\0008\0001\0003\0000\000/\000P\000r\000o\000j\000e\000c\000t\000\040\0001\000/\000f\000u\000n\000c\000t\000i\000o\000n\000s\000.\000h\000\040\000F\000i\000l\000e\000\040\000R\000e\000f\000e\000r\000e\000n\000c\000e}{chapter.4}% 36
\BOOKMARK [2][-]{subsection.4.4.1}{\376\377\0004\000.\0004\000.\0001\000\040\000M\000a\000c\000r\000o\000\040\000D\000e\000f\000i\000n\000i\000t\000i\000o\000n\000\040\000D\000o\000c\000u\000m\000e\000n\000t\000a\000t\000i\000o\000n}{section.4.4}% 37
\BOOKMARK [3][-]{subsubsection.4.4.1.1}{\376\377\0004\000.\0004\000.\0001\000.\0001\000\040\000F\000U\000N\000C\000T\000I\000O\000N\000S\000\137\000H}{subsection.4.4.1}% 38
\BOOKMARK [2][-]{subsection.4.4.2}{\376\377\0004\000.\0004\000.\0002\000\040\000F\000u\000n\000c\000t\000i\000o\000n\000\040\000D\000o\000c\000u\000m\000e\000n\000t\000a\000t\000i\000o\000n}{section.4.4}% 39
\BOOKMARK [3][-]{subsubsection.4.4.2.1}{\376\377\0004\000.\0004\000.\0002\000.\0001\000\040\000i\000n\000i\000t\000i\000a\000l\000i\000z\000e\000S\000u\000s\000p\000e\000c\000t}{subsection.4.4.2}% 40
\BOOKMARK [3][-]{subsubsection.4.4.2.2}{\376\377\0004\000.\0004\000.\0002\000.\0002\000\040\000i\000n\000t\000r\000o\000d\000u\000c\000t\000i\000o\000n}{subsection.4.4.2}% 41
\BOOKMARK [3][-]{subsubsection.4.4.2.3}{\376\377\0004\000.\0004\000.\0002\000.\0003\000\040\000l\000o\000c\000a\000l\000P\000a\000u\000s\000e}{subsection.4.4.2}% 42
\BOOKMARK [3][-]{subsubsection.4.4.2.4}{\376\377\0004\000.\0004\000.\0002\000.\0004\000\040\000r\000e\000a\000d\000I\000n\000p\000u\000t}{subsection.4.4.2}% 43
\BOOKMARK [3][-]{subsubsection.4.4.2.5}{\376\377\0004\000.\0004\000.\0002\000.\0005\000\040\000v\000a\000l\000i\000d\000a\000t\000e\000I\000n\000p\000u\000t}{subsection.4.4.2}% 44
\BOOKMARK [3][-]{subsubsection.4.4.2.6}{\376\377\0004\000.\0004\000.\0002\000.\0006\000\040\000v\000e\000r\000i\000f\000y\000E\000x\000i\000t}{subsection.4.4.2}% 45
\BOOKMARK [1][-]{section.4.5}{\376\377\0004\000.\0005\000\040\000C\000:\000/\000U\000s\000e\000r\000s\000/\000B\000r\000a\000d\000l\000e\000y\000\040\000E\000v\000a\000n\000s\000/\000D\000e\000s\000k\000t\000o\000p\000/\000R\000C\000C\000/\0001\0004\000F\000A\000L\000/\000C\000S\000C\0001\0007\000A\000/\000G\000i\000t\000H\000u\000b\000/\000E\000v\000a\000n\000s\000B\000r\000a\000d\000l\000e\000y\000\137\000C\000I\000S\0001\0007\000a\000\137\0004\0008\0001\0003\0000\000/\000P\000r\000o\000j\000e\000c\000t\000\040\0001\000/\000m\000a\000i\000n\000.\000c\000p\000p\000\040\000F\000i\000l\000e\000\040\000R\000e\000f\000e\000r\000e\000n\000c\000e}{chapter.4}% 46
\BOOKMARK [2][-]{subsection.4.5.1}{\376\377\0004\000.\0005\000.\0001\000\040\000F\000u\000n\000c\000t\000i\000o\000n\000\040\000D\000o\000c\000u\000m\000e\000n\000t\000a\000t\000i\000o\000n}{section.4.5}% 47
\BOOKMARK [3][-]{subsubsection.4.5.1.1}{\376\377\0004\000.\0005\000.\0001\000.\0001\000\040\000m\000a\000i\000n}{subsection.4.5.1}% 48
\BOOKMARK [2][-]{subsection.4.5.2}{\376\377\0004\000.\0005\000.\0002\000\040\000V\000a\000r\000i\000a\000b\000l\000e\000\040\000D\000o\000c\000u\000m\000e\000n\000t\000a\000t\000i\000o\000n}{section.4.5}% 49
\BOOKMARK [3][-]{subsubsection.4.5.2.1}{\376\377\0004\000.\0005\000.\0002\000.\0001\000\040\000M\000A\000X\000L}{subsection.4.5.2}% 50
\BOOKMARK [1][-]{section.4.6}{\376\377\0004\000.\0006\000\040\000C\000:\000/\000U\000s\000e\000r\000s\000/\000B\000r\000a\000d\000l\000e\000y\000\040\000E\000v\000a\000n\000s\000/\000D\000e\000s\000k\000t\000o\000p\000/\000R\000C\000C\000/\0001\0004\000F\000A\000L\000/\000C\000S\000C\0001\0007\000A\000/\000G\000i\000t\000H\000u\000b\000/\000E\000v\000a\000n\000s\000B\000r\000a\000d\000l\000e\000y\000\137\000C\000I\000S\0001\0007\000a\000\137\0004\0008\0001\0003\0000\000/\000P\000r\000o\000j\000e\000c\000t\000\040\0001\000/\000n\000o\000u\000n\000s\000.\000h\000\040\000F\000i\000l\000e\000\040\000R\000e\000f\000e\000r\000e\000n\000c\000e}{chapter.4}% 51
\BOOKMARK [2][-]{subsection.4.6.1}{\376\377\0004\000.\0006\000.\0001\000\040\000E\000n\000u\000m\000e\000r\000a\000t\000i\000o\000n\000\040\000T\000y\000p\000e\000\040\000D\000o\000c\000u\000m\000e\000n\000t\000a\000t\000i\000o\000n}{section.4.6}% 52
\BOOKMARK [3][-]{subsubsection.4.6.1.1}{\376\377\0004\000.\0006\000.\0001\000.\0001\000\040\000N\000o\000u\000n}{subsection.4.6.1}% 53
\BOOKMARK [2][-]{subsection.4.6.2}{\376\377\0004\000.\0006\000.\0002\000\040\000F\000u\000n\000c\000t\000i\000o\000n\000\040\000D\000o\000c\000u\000m\000e\000n\000t\000a\000t\000i\000o\000n}{section.4.6}% 54
\BOOKMARK [3][-]{subsubsection.4.6.2.1}{\376\377\0004\000.\0006\000.\0002\000.\0001\000\040\000a\000s\000k}{subsection.4.6.2}% 55
\BOOKMARK [3][-]{subsubsection.4.6.2.2}{\376\377\0004\000.\0006\000.\0002\000.\0002\000\040\000l\000o\000o\000k}{subsection.4.6.2}% 56
\BOOKMARK [3][-]{subsubsection.4.6.2.3}{\376\377\0004\000.\0006\000.\0002\000.\0003\000\040\000p\000a\000r\000s\000e\000N\000o\000u\000n}{subsection.4.6.2}% 57
\BOOKMARK [2][-]{subsection.4.6.3}{\376\377\0004\000.\0006\000.\0003\000\040\000V\000a\000r\000i\000a\000b\000l\000e\000\040\000D\000o\000c\000u\000m\000e\000n\000t\000a\000t\000i\000o\000n}{section.4.6}% 58
\BOOKMARK [3][-]{subsubsection.4.6.3.1}{\376\377\0004\000.\0006\000.\0003\000.\0001\000\040\000k\000n\000o\000w\000n\000N\000o\000u\000n\000s}{subsection.4.6.3}% 59
\BOOKMARK [1][-]{section.4.7}{\376\377\0004\000.\0007\000\040\000C\000:\000/\000U\000s\000e\000r\000s\000/\000B\000r\000a\000d\000l\000e\000y\000\040\000E\000v\000a\000n\000s\000/\000D\000e\000s\000k\000t\000o\000p\000/\000R\000C\000C\000/\0001\0004\000F\000A\000L\000/\000C\000S\000C\0001\0007\000A\000/\000G\000i\000t\000H\000u\000b\000/\000E\000v\000a\000n\000s\000B\000r\000a\000d\000l\000e\000y\000\137\000C\000I\000S\0001\0007\000a\000\137\0004\0008\0001\0003\0000\000/\000P\000r\000o\000j\000e\000c\000t\000\040\0001\000/\000v\000e\000r\000b\000s\000.\000h\000\040\000F\000i\000l\000e\000\040\000R\000e\000f\000e\000r\000e\000n\000c\000e}{chapter.4}% 60
\BOOKMARK [2][-]{subsection.4.7.1}{\376\377\0004\000.\0007\000.\0001\000\040\000E\000n\000u\000m\000e\000r\000a\000t\000i\000o\000n\000\040\000T\000y\000p\000e\000\040\000D\000o\000c\000u\000m\000e\000n\000t\000a\000t\000i\000o\000n}{section.4.7}% 61
\BOOKMARK [3][-]{subsubsection.4.7.1.1}{\376\377\0004\000.\0007\000.\0001\000.\0001\000\040\000V\000e\000r\000b}{subsection.4.7.1}% 62
\BOOKMARK [2][-]{subsection.4.7.2}{\376\377\0004\000.\0007\000.\0002\000\040\000F\000u\000n\000c\000t\000i\000o\000n\000\040\000D\000o\000c\000u\000m\000e\000n\000t\000a\000t\000i\000o\000n}{section.4.7}% 63
\BOOKMARK [3][-]{subsubsection.4.7.2.1}{\376\377\0004\000.\0007\000.\0002\000.\0001\000\040\000p\000a\000r\000s\000e\000V\000e\000r\000b}{subsection.4.7.2}% 64
\BOOKMARK [3][-]{subsubsection.4.7.2.2}{\376\377\0004\000.\0007\000.\0002\000.\0002\000\040\000v\000e\000r\000b\000P\000r\000o\000c}{subsection.4.7.2}% 65
\BOOKMARK [2][-]{subsection.4.7.3}{\376\377\0004\000.\0007\000.\0003\000\040\000V\000a\000r\000i\000a\000b\000l\000e\000\040\000D\000o\000c\000u\000m\000e\000n\000t\000a\000t\000i\000o\000n}{section.4.7}% 66
\BOOKMARK [3][-]{subsubsection.4.7.3.1}{\376\377\0004\000.\0007\000.\0003\000.\0001\000\040\000k\000n\000o\000w\000n\000V\000e\000r\000b\000s}{subsection.4.7.3}% 67
\BOOKMARK [0][-]{section*.18}{\376\377\000I\000n\000d\000e\000x}{}% 68
